[2018-11-17 04:46:29] local.ERROR: Use of undefined constant mailTracker_Index - assumed 'mailTracker_Index' (this will throw an Error in a future version of PHP) {"userId":1,"email":"vlad.milanodoors@gmail.com","exception":"[object] (ErrorException(code: 0): Use of undefined constant mailTracker_Index - assumed 'mailTracker_Index' (this will throw an Error in a future version of PHP) at C:\\Laravel\\milanodoors-mailing-service\outes\\web.php:22)
[stacktrace]
#0 C:\\Laravel\\milanodoors-mailing-service\outes\\web.php(22): Illuminate\\Foundation\\Bootstrap\\HandleExceptions->handleError(2, 'Use of undefine...', 'C:\\\\Laravel\\\\mila...', 22, Array)
#1 C:\\Laravel\\milanodoors-mailing-service\\vendor\\laravel\\framework\\src\\Illuminate\\Routing\\Route.php(198): Illuminate\\Routing\\Router->{closure}()
#2 C:\\Laravel\\milanodoors-mailing-service\\vendor\\laravel\\framework\\src\\Illuminate\\Routing\\Route.php(172): Illuminate\\Routing\\Route->runCallable()
#3 C:\\Laravel\\milanodoors-mailing-service\\vendor\\laravel\\framework\\src\\Illuminate\\Routing\\Router.php(679): Illuminate\\Routing\\Route->run()
#4 C:\\Laravel\\milanodoors-mailing-service\\vendor\\laravel\\framework\\src\\Illuminate\\Routing\\Pipeline.php(30): Illuminate\\Routing\\Router->Illuminate\\Routing\\{closure}(Object(Illuminate\\Http\\Request))
#5 C:\\Laravel\\milanodoors-mailing-service\\vendor\\laravel\\framework\\src\\Illuminate\\Routing\\Middleware\\SubstituteBindings.php(41): Illuminate\\Routing\\Pipeline->Illuminate\\Routing\\{closure}(Object(Illuminate\\Http\\Request))
#6 C:\\Laravel\\milanodoors-mailing-service\\vendor\\laravel\\framework\\src\\Illuminate\\Pipeline\\Pipeline.php(151): Illuminate\\Routing\\Middleware\\SubstituteBindings->handle(Object(Illuminate\\Http\\Request), Object(Closure))
#7 C:\\Laravel\\milanodoors-mailing-service\\vendor\\laravel\\framework\\src\\Illuminate\\Routing\\Pipeline.php(53): Illuminate\\Pipeline\\Pipeline->Illuminate\\Pipeline\\{closure}(Object(Illuminate\\Http\\Request))
#8 C:\\Laravel\\milanodoors-mailing-service\\vendor\\laravel\\framework\\src\\Illuminate\\Foundation\\Http\\Middleware\\VerifyCsrfToken.php(75): Illuminate\\Routing\\Pipeline->Illuminate\\Routing\\{closure}(Object(Illuminate\\Http\\Request))
#9 C:\\Laravel\\milanodoors-mailing-service\\vendor\\laravel\\framework\\src\\Illuminate\\Pipeline\\Pipeline.php(151): Illuminate\\Foundation\\Http\\Middleware\\VerifyCsrfToken->handle(Object(Illuminate\\Http\\Request), Object(Closure))
#10 C:\\Laravel\\milanodoors-mailing-service\\vendor\\laravel\\framework\\src\\Illuminate\\Routing\\Pipeline.php(53): Illuminate\\Pipeline\\Pipeline->Illuminate\\Pipeline\\{closure}(Object(Illuminate\\Http\\Request))
#11 C:\\Laravel\\milanodoors-mailing-service\\vendor\\laravel\\framework\\src\\Illuminate\\View\\Middleware\\ShareErrorsFromSession.php(49): Illuminate\\Routing\\Pipeline->Illuminate\\Routing\\{closure}(Object(Illuminate\\Http\\Request))
#12 C:\\Laravel\\milanodoors-mailing-service\\vendor\\laravel\\framework\\src\\Illuminate\\Pipeline\\Pipeline.php(151): Illuminate\\View\\Middleware\\ShareErrorsFromSession->handle(Object(Illuminate\\Http\\Request), Object(Closure))
#13 C:\\Laravel\\milanodoors-mailing-service\\vendor\\laravel\\framework\\src\\Illuminate\\Routing\\Pipeline.php(53): Illuminate\\Pipeline\\Pipeline->Illuminate\\Pipeline\\{closure}(Object(Illuminate\\Http\\Request))
#14 C:\\Laravel\\milanodoors-mailing-service\\vendor\\laravel\\framework\\src\\Illuminate\\Session\\Middleware\\StartSession.php(63): Illuminate\\Routing\\Pipeline->Illuminate\\Routing\\{closure}(Object(Illuminate\\Http\\Request))
#15 C:\\Laravel\\milanodoors-mailing-service\\vendor\\laravel\\framework\\src\\Illuminate\\Pipeline\\Pipeline.php(151): Illuminate\\Session\\Middleware\\StartSession->handle(Object(Illuminate\\Http\\Request), Object(Closure))
#16 C:\\Laravel\\milanodoors-mailing-service\\vendor\\laravel\\framework\\src\\Illuminate\\Routing\\Pipeline.php(53): Illuminate\\Pipeline\\Pipeline->Illuminate\\Pipeline\\{closure}(Object(Illuminate\\Http\\Request))
#17 C:\\Laravel\\milanodoors-mailing-service\\vendor\\laravel\\framework\\src\\Illuminate\\Cookie\\Middleware\\AddQueuedCookiesToResponse.php(37): Illuminate\\Routing\\Pipeline->Illuminate\\Routing\\{closure}(Object(Illuminate\\Http\\Request))
#18 C:\\Laravel\\milanodoors-mailing-service\\vendor\\laravel\\framework\\src\\Illuminate\\Pipeline\\Pipeline.php(151): Illuminate\\Cookie\\Middleware\\AddQueuedCookiesToResponse->handle(Object(Illuminate\\Http\\Request), Object(Closure))
#19 C:\\Laravel\\milanodoors-mailing-service\\vendor\\laravel\\framework\\src\\Illuminate\\Routing\\Pipeline.php(53): Illuminate\\Pipeline\\Pipeline->Illuminate\\Pipeline\\{closure}(Object(Illuminate\\Http\\Request))
#20 C:\\Laravel\\milanodoors-mailing-service\\vendor\\laravel\\framework\\src\\Illuminate\\Cookie\\Middleware\\EncryptCookies.php(66): Illuminate\\Routing\\Pipeline->Illuminate\\Routing\\{closure}(Object(Illuminate\\Http\\Request))
#21 C:\\Laravel\\milanodoors-mailing-service\\vendor\\laravel\\framework\\src\\Illuminate\\Pipeline\\Pipeline.php(151): Illuminate\\Cookie\\Middleware\\EncryptCookies->handle(Object(Illuminate\\Http\\Request), Object(Closure))
#22 C:\\Laravel\\milanodoors-mailing-service\\vendor\\laravel\\framework\\src\\Illuminate\\Routing\\Pipeline.php(53): Illuminate\\Pipeline\\Pipeline->Illuminate\\Pipeline\\{closure}(Object(Illuminate\\Http\\Request))
#23 C:\\Laravel\\milanodoors-mailing-service\\vendor\\laravel\\framework\\src\\Illuminate\\Pipeline\\Pipeline.php(104): Illuminate\\Routing\\Pipeline->Illuminate\\Routing\\{closure}(Object(Illuminate\\Http\\Request))
#24 C:\\Laravel\\milanodoors-mailing-service\\vendor\\laravel\\framework\\src\\Illuminate\\Routing\\Router.php(681): Illuminate\\Pipeline\\Pipeline->then(Object(Closure))
#25 C:\\Laravel\\milanodoors-mailing-service\\vendor\\laravel\\framework\\src\\Illuminate\\Routing\\Router.php(656): Illuminate\\Routing\\Router->runRouteWithinStack(Object(Illuminate\\Routing\\Route), Object(Illuminate\\Http\\Request))
#26 C:\\Laravel\\milanodoors-mailing-service\\vendor\\laravel\\framework\\src\\Illuminate\\Routing\\Router.php(622): Illuminate\\Routing\\Router->runRoute(Object(Illuminate\\Http\\Request), Object(Illuminate\\Routing\\Route))
#27 C:\\Laravel\\milanodoors-mailing-service\\vendor\\laravel\\framework\\src\\Illuminate\\Routing\\Router.php(611): Illuminate\\Routing\\Router->dispatchToRoute(Object(Illuminate\\Http\\Request))
#28 C:\\Laravel\\milanodoors-mailing-service\\vendor\\laravel\\framework\\src\\Illuminate\\Foundation\\Http\\Kernel.php(176): Illuminate\\Routing\\Router->dispatch(Object(Illuminate\\Http\\Request))
#29 C:\\Laravel\\milanodoors-mailing-service\\vendor\\laravel\\framework\\src\\Illuminate\\Routing\\Pipeline.php(30): Illuminate\\Foundation\\Http\\Kernel->Illuminate\\Foundation\\Http\\{closure}(Object(Illuminate\\Http\\Request))
#30 C:\\Laravel\\milanodoors-mailing-service\\vendor\\fideloper\\proxy\\src\\TrustProxies.php(57): Illuminate\\Routing\\Pipeline->Illuminate\\Routing\\{closure}(Object(Illuminate\\Http\\Request))
#31 C:\\Laravel\\milanodoors-mailing-service\\vendor\\laravel\\framework\\src\\Illuminate\\Pipeline\\Pipeline.php(151): Fideloper\\Proxy\\TrustProxies->handle(Object(Illuminate\\Http\\Request), Object(Closure))
#32 C:\\Laravel\\milanodoors-mailing-service\\vendor\\laravel\\framework\\src\\Illuminate\\Routing\\Pipeline.php(53): Illuminate\\Pipeline\\Pipeline->Illuminate\\Pipeline\\{closure}(Object(Illuminate\\Http\\Request))
#33 C:\\Laravel\\milanodoors-mailing-service\\vendor\\laravel\\framework\\src\\Illuminate\\Foundation\\Http\\Middleware\\TransformsRequest.php(31): Illuminate\\Routing\\Pipeline->Illuminate\\Routing\\{closure}(Object(Illuminate\\Http\\Request))
#34 C:\\Laravel\\milanodoors-mailing-service\\vendor\\laravel\\framework\\src\\Illuminate\\Pipeline\\Pipeline.php(151): Illuminate\\Foundation\\Http\\Middleware\\TransformsRequest->handle(Object(Illuminate\\Http\\Request), Object(Closure))
#35 C:\\Laravel\\milanodoors-mailing-service\\vendor\\laravel\\framework\\src\\Illuminate\\Routing\\Pipeline.php(53): Illuminate\\Pipeline\\Pipeline->Illuminate\\Pipeline\\{closure}(Object(Illuminate\\Http\\Request))
#36 C:\\Laravel\\milanodoors-mailing-service\\vendor\\laravel\\framework\\src\\Illuminate\\Foundation\\Http\\Middleware\\TransformsRequest.php(31): Illuminate\\Routing\\Pipeline->Illuminate\\Routing\\{closure}(Object(Illuminate\\Http\\Request))
#37 C:\\Laravel\\milanodoors-mailing-service\\vendor\\laravel\\framework\\src\\Illuminate\\Pipeline\\Pipeline.php(151): Illuminate\\Foundation\\Http\\Middleware\\TransformsRequest->handle(Object(Illuminate\\Http\\Request), Object(Closure))
#38 C:\\Laravel\\milanodoors-mailing-service\\vendor\\laravel\\framework\\src\\Illuminate\\Routing\\Pipeline.php(53): Illuminate\\Pipeline\\Pipeline->Illuminate\\Pipeline\\{closure}(Object(Illuminate\\Http\\Request))
#39 C:\\Laravel\\milanodoors-mailing-service\\vendor\\laravel\\framework\\src\\Illuminate\\Foundation\\Http\\Middleware\\ValidatePostSize.php(27): Illuminate\\Routing\\Pipeline->Illuminate\\Routing\\{closure}(Object(Illuminate\\Http\\Request))
#40 C:\\Laravel\\milanodoors-mailing-service\\vendor\\laravel\\framework\\src\\Illuminate\\Pipeline\\Pipeline.php(151): Illuminate\\Foundation\\Http\\Middleware\\ValidatePostSize->handle(Object(Illuminate\\Http\\Request), Object(Closure))
#41 C:\\Laravel\\milanodoors-mailing-service\\vendor\\laravel\\framework\\src\\Illuminate\\Routing\\Pipeline.php(53): Illuminate\\Pipeline\\Pipeline->Illuminate\\Pipeline\\{closure}(Object(Illuminate\\Http\\Request))
#42 C:\\Laravel\\milanodoors-mailing-service\\vendor\\laravel\\framework\\src\\Illuminate\\Foundation\\Http\\Middleware\\CheckForMaintenanceMode.php(62): Illuminate\\Routing\\Pipeline->Illuminate\\Routing\\{closure}(Object(Illuminate\\Http\\Request))
#43 C:\\Laravel\\milanodoors-mailing-service\\vendor\\laravel\\framework\\src\\Illuminate\\Pipeline\\Pipeline.php(151): Illuminate\\Foundation\\Http\\Middleware\\CheckForMaintenanceMode->handle(Object(Illuminate\\Http\\Request), Object(Closure))
#44 C:\\Laravel\\milanodoors-mailing-service\\vendor\\laravel\\framework\\src\\Illuminate\\Routing\\Pipeline.php(53): Illuminate\\Pipeline\\Pipeline->Illuminate\\Pipeline\\{closure}(Object(Illuminate\\Http\\Request))
#45 C:\\Laravel\\milanodoors-mailing-service\\vendor\\laravel\\framework\\src\\Illuminate\\Pipeline\\Pipeline.php(104): Illuminate\\Routing\\Pipeline->Illuminate\\Routing\\{closure}(Object(Illuminate\\Http\\Request))
#46 C:\\Laravel\\milanodoors-mailing-service\\vendor\\laravel\\framework\\src\\Illuminate\\Foundation\\Http\\Kernel.php(151): Illuminate\\Pipeline\\Pipeline->then(Object(Closure))
#47 C:\\Laravel\\milanodoors-mailing-service\\vendor\\laravel\\framework\\src\\Illuminate\\Foundation\\Http\\Kernel.php(116): Illuminate\\Foundation\\Http\\Kernel->sendRequestThroughRouter(Object(Illuminate\\Http\\Request))
#48 C:\\Laravel\\milanodoors-mailing-service\\public\\index.php(55): Illuminate\\Foundation\\Http\\Kernel->handle(Object(Illuminate\\Http\\Request))
#49 C:\\Laravel\\milanodoors-mailing-service\\server.php(21): require_once('C:\\\\Laravel\\\\mila...')
#50 {main}
"} 
[2018-11-17 04:46:55] local.ERROR: Route [mailTracker_Index] not defined. {"userId":1,"email":"vlad.milanodoors@gmail.com","exception":"[object] (InvalidArgumentException(code: 0): Route [mailTracker_Index] not defined. at C:\\Laravel\\milanodoors-mailing-service\\vendor\\laravel\\framework\\src\\Illuminate\\Routing\\UrlGenerator.php:377)
[stacktrace]
#0 C:\\Laravel\\milanodoors-mailing-service\\vendor\\laravel\\framework\\src\\Illuminate\\Foundation\\helpers.php(818): Illuminate\\Routing\\UrlGenerator->route('mailTracker_Ind...', Array, true)
#1 C:\\Laravel\\milanodoors-mailing-service\outes\\web.php(22): route('mailTracker_Ind...')
#2 C:\\Laravel\\milanodoors-mailing-service\\vendor\\laravel\\framework\\src\\Illuminate\\Routing\\Route.php(198): Illuminate\\Routing\\Router->{closure}()
#3 C:\\Laravel\\milanodoors-mailing-service\\vendor\\laravel\\framework\\src\\Illuminate\\Routing\\Route.php(172): Illuminate\\Routing\\Route->runCallable()
#4 C:\\Laravel\\milanodoors-mailing-service\\vendor\\laravel\\framework\\src\\Illuminate\\Routing\\Router.php(679): Illuminate\\Routing\\Route->run()
#5 C:\\Laravel\\milanodoors-mailing-service\\vendor\\laravel\\framework\\src\\Illuminate\\Routing\\Pipeline.php(30): Illuminate\\Routing\\Router->Illuminate\\Routing\\{closure}(Object(Illuminate\\Http\\Request))
#6 C:\\Laravel\\milanodoors-mailing-service\\vendor\\laravel\\framework\\src\\Illuminate\\Routing\\Middleware\\SubstituteBindings.php(41): Illuminate\\Routing\\Pipeline->Illuminate\\Routing\\{closure}(Object(Illuminate\\Http\\Request))
#7 C:\\Laravel\\milanodoors-mailing-service\\vendor\\laravel\\framework\\src\\Illuminate\\Pipeline\\Pipeline.php(151): Illuminate\\Routing\\Middleware\\SubstituteBindings->handle(Object(Illuminate\\Http\\Request), Object(Closure))
#8 C:\\Laravel\\milanodoors-mailing-service\\vendor\\laravel\\framework\\src\\Illuminate\\Routing\\Pipeline.php(53): Illuminate\\Pipeline\\Pipeline->Illuminate\\Pipeline\\{closure}(Object(Illuminate\\Http\\Request))
#9 C:\\Laravel\\milanodoors-mailing-service\\vendor\\laravel\\framework\\src\\Illuminate\\Foundation\\Http\\Middleware\\VerifyCsrfToken.php(75): Illuminate\\Routing\\Pipeline->Illuminate\\Routing\\{closure}(Object(Illuminate\\Http\\Request))
#10 C:\\Laravel\\milanodoors-mailing-service\\vendor\\laravel\\framework\\src\\Illuminate\\Pipeline\\Pipeline.php(151): Illuminate\\Foundation\\Http\\Middleware\\VerifyCsrfToken->handle(Object(Illuminate\\Http\\Request), Object(Closure))
#11 C:\\Laravel\\milanodoors-mailing-service\\vendor\\laravel\\framework\\src\\Illuminate\\Routing\\Pipeline.php(53): Illuminate\\Pipeline\\Pipeline->Illuminate\\Pipeline\\{closure}(Object(Illuminate\\Http\\Request))
#12 C:\\Laravel\\milanodoors-mailing-service\\vendor\\laravel\\framework\\src\\Illuminate\\View\\Middleware\\ShareErrorsFromSession.php(49): Illuminate\\Routing\\Pipeline->Illuminate\\Routing\\{closure}(Object(Illuminate\\Http\\Request))
#13 C:\\Laravel\\milanodoors-mailing-service\\vendor\\laravel\\framework\\src\\Illuminate\\Pipeline\\Pipeline.php(151): Illuminate\\View\\Middleware\\ShareErrorsFromSession->handle(Object(Illuminate\\Http\\Request), Object(Closure))
#14 C:\\Laravel\\milanodoors-mailing-service\\vendor\\laravel\\framework\\src\\Illuminate\\Routing\\Pipeline.php(53): Illuminate\\Pipeline\\Pipeline->Illuminate\\Pipeline\\{closure}(Object(Illuminate\\Http\\Request))
#15 C:\\Laravel\\milanodoors-mailing-service\\vendor\\laravel\\framework\\src\\Illuminate\\Session\\Middleware\\StartSession.php(63): Illuminate\\Routing\\Pipeline->Illuminate\\Routing\\{closure}(Object(Illuminate\\Http\\Request))
#16 C:\\Laravel\\milanodoors-mailing-service\\vendor\\laravel\\framework\\src\\Illuminate\\Pipeline\\Pipeline.php(151): Illuminate\\Session\\Middleware\\StartSession->handle(Object(Illuminate\\Http\\Request), Object(Closure))
#17 C:\\Laravel\\milanodoors-mailing-service\\vendor\\laravel\\framework\\src\\Illuminate\\Routing\\Pipeline.php(53): Illuminate\\Pipeline\\Pipeline->Illuminate\\Pipeline\\{closure}(Object(Illuminate\\Http\\Request))
#18 C:\\Laravel\\milanodoors-mailing-service\\vendor\\laravel\\framework\\src\\Illuminate\\Cookie\\Middleware\\AddQueuedCookiesToResponse.php(37): Illuminate\\Routing\\Pipeline->Illuminate\\Routing\\{closure}(Object(Illuminate\\Http\\Request))
#19 C:\\Laravel\\milanodoors-mailing-service\\vendor\\laravel\\framework\\src\\Illuminate\\Pipeline\\Pipeline.php(151): Illuminate\\Cookie\\Middleware\\AddQueuedCookiesToResponse->handle(Object(Illuminate\\Http\\Request), Object(Closure))
#20 C:\\Laravel\\milanodoors-mailing-service\\vendor\\laravel\\framework\\src\\Illuminate\\Routing\\Pipeline.php(53): Illuminate\\Pipeline\\Pipeline->Illuminate\\Pipeline\\{closure}(Object(Illuminate\\Http\\Request))
#21 C:\\Laravel\\milanodoors-mailing-service\\vendor\\laravel\\framework\\src\\Illuminate\\Cookie\\Middleware\\EncryptCookies.php(66): Illuminate\\Routing\\Pipeline->Illuminate\\Routing\\{closure}(Object(Illuminate\\Http\\Request))
#22 C:\\Laravel\\milanodoors-mailing-service\\vendor\\laravel\\framework\\src\\Illuminate\\Pipeline\\Pipeline.php(151): Illuminate\\Cookie\\Middleware\\EncryptCookies->handle(Object(Illuminate\\Http\\Request), Object(Closure))
#23 C:\\Laravel\\milanodoors-mailing-service\\vendor\\laravel\\framework\\src\\Illuminate\\Routing\\Pipeline.php(53): Illuminate\\Pipeline\\Pipeline->Illuminate\\Pipeline\\{closure}(Object(Illuminate\\Http\\Request))
#24 C:\\Laravel\\milanodoors-mailing-service\\vendor\\laravel\\framework\\src\\Illuminate\\Pipeline\\Pipeline.php(104): Illuminate\\Routing\\Pipeline->Illuminate\\Routing\\{closure}(Object(Illuminate\\Http\\Request))
#25 C:\\Laravel\\milanodoors-mailing-service\\vendor\\laravel\\framework\\src\\Illuminate\\Routing\\Router.php(681): Illuminate\\Pipeline\\Pipeline->then(Object(Closure))
#26 C:\\Laravel\\milanodoors-mailing-service\\vendor\\laravel\\framework\\src\\Illuminate\\Routing\\Router.php(656): Illuminate\\Routing\\Router->runRouteWithinStack(Object(Illuminate\\Routing\\Route), Object(Illuminate\\Http\\Request))
#27 C:\\Laravel\\milanodoors-mailing-service\\vendor\\laravel\\framework\\src\\Illuminate\\Routing\\Router.php(622): Illuminate\\Routing\\Router->runRoute(Object(Illuminate\\Http\\Request), Object(Illuminate\\Routing\\Route))
#28 C:\\Laravel\\milanodoors-mailing-service\\vendor\\laravel\\framework\\src\\Illuminate\\Routing\\Router.php(611): Illuminate\\Routing\\Router->dispatchToRoute(Object(Illuminate\\Http\\Request))
#29 C:\\Laravel\\milanodoors-mailing-service\\vendor\\laravel\\framework\\src\\Illuminate\\Foundation\\Http\\Kernel.php(176): Illuminate\\Routing\\Router->dispatch(Object(Illuminate\\Http\\Request))
#30 C:\\Laravel\\milanodoors-mailing-service\\vendor\\laravel\\framework\\src\\Illuminate\\Routing\\Pipeline.php(30): Illuminate\\Foundation\\Http\\Kernel->Illuminate\\Foundation\\Http\\{closure}(Object(Illuminate\\Http\\Request))
#31 C:\\Laravel\\milanodoors-mailing-service\\vendor\\fideloper\\proxy\\src\\TrustProxies.php(57): Illuminate\\Routing\\Pipeline->Illuminate\\Routing\\{closure}(Object(Illuminate\\Http\\Request))
#32 C:\\Laravel\\milanodoors-mailing-service\\vendor\\laravel\\framework\\src\\Illuminate\\Pipeline\\Pipeline.php(151): Fideloper\\Proxy\\TrustProxies->handle(Object(Illuminate\\Http\\Request), Object(Closure))
#33 C:\\Laravel\\milanodoors-mailing-service\\vendor\\laravel\\framework\\src\\Illuminate\\Routing\\Pipeline.php(53): Illuminate\\Pipeline\\Pipeline->Illuminate\\Pipeline\\{closure}(Object(Illuminate\\Http\\Request))
#34 C:\\Laravel\\milanodoors-mailing-service\\vendor\\laravel\\framework\\src\\Illuminate\\Foundation\\Http\\Middleware\\TransformsRequest.php(31): Illuminate\\Routing\\Pipeline->Illuminate\\Routing\\{closure}(Object(Illuminate\\Http\\Request))
#35 C:\\Laravel\\milanodoors-mailing-service\\vendor\\laravel\\framework\\src\\Illuminate\\Pipeline\\Pipeline.php(151): Illuminate\\Foundation\\Http\\Middleware\\TransformsRequest->handle(Object(Illuminate\\Http\\Request), Object(Closure))
#36 C:\\Laravel\\milanodoors-mailing-service\\vendor\\laravel\\framework\\src\\Illuminate\\Routing\\Pipeline.php(53): Illuminate\\Pipeline\\Pipeline->Illuminate\\Pipeline\\{closure}(Object(Illuminate\\Http\\Request))
#37 C:\\Laravel\\milanodoors-mailing-service\\vendor\\laravel\\framework\\src\\Illuminate\\Foundation\\Http\\Middleware\\TransformsRequest.php(31): Illuminate\\Routing\\Pipeline->Illuminate\\Routing\\{closure}(Object(Illuminate\\Http\\Request))
#38 C:\\Laravel\\milanodoors-mailing-service\\vendor\\laravel\\framework\\src\\Illuminate\\Pipeline\\Pipeline.php(151): Illuminate\\Foundation\\Http\\Middleware\\TransformsRequest->handle(Object(Illuminate\\Http\\Request), Object(Closure))
#39 C:\\Laravel\\milanodoors-mailing-service\\vendor\\laravel\\framework\\src\\Illuminate\\Routing\\Pipeline.php(53): Illuminate\\Pipeline\\Pipeline->Illuminate\\Pipeline\\{closure}(Object(Illuminate\\Http\\Request))
#40 C:\\Laravel\\milanodoors-mailing-service\\vendor\\laravel\\framework\\src\\Illuminate\\Foundation\\Http\\Middleware\\ValidatePostSize.php(27): Illuminate\\Routing\\Pipeline->Illuminate\\Routing\\{closure}(Object(Illuminate\\Http\\Request))
#41 C:\\Laravel\\milanodoors-mailing-service\\vendor\\laravel\\framework\\src\\Illuminate\\Pipeline\\Pipeline.php(151): Illuminate\\Foundation\\Http\\Middleware\\ValidatePostSize->handle(Object(Illuminate\\Http\\Request), Object(Closure))
#42 C:\\Laravel\\milanodoors-mailing-service\\vendor\\laravel\\framework\\src\\Illuminate\\Routing\\Pipeline.php(53): Illuminate\\Pipeline\\Pipeline->Illuminate\\Pipeline\\{closure}(Object(Illuminate\\Http\\Request))
#43 C:\\Laravel\\milanodoors-mailing-service\\vendor\\laravel\\framework\\src\\Illuminate\\Foundation\\Http\\Middleware\\CheckForMaintenanceMode.php(62): Illuminate\\Routing\\Pipeline->Illuminate\\Routing\\{closure}(Object(Illuminate\\Http\\Request))
#44 C:\\Laravel\\milanodoors-mailing-service\\vendor\\laravel\\framework\\src\\Illuminate\\Pipeline\\Pipeline.php(151): Illuminate\\Foundation\\Http\\Middleware\\CheckForMaintenanceMode->handle(Object(Illuminate\\Http\\Request), Object(Closure))
#45 C:\\Laravel\\milanodoors-mailing-service\\vendor\\laravel\\framework\\src\\Illuminate\\Routing\\Pipeline.php(53): Illuminate\\Pipeline\\Pipeline->Illuminate\\Pipeline\\{closure}(Object(Illuminate\\Http\\Request))
#46 C:\\Laravel\\milanodoors-mailing-service\\vendor\\laravel\\framework\\src\\Illuminate\\Pipeline\\Pipeline.php(104): Illuminate\\Routing\\Pipeline->Illuminate\\Routing\\{closure}(Object(Illuminate\\Http\\Request))
#47 C:\\Laravel\\milanodoors-mailing-service\\vendor\\laravel\\framework\\src\\Illuminate\\Foundation\\Http\\Kernel.php(151): Illuminate\\Pipeline\\Pipeline->then(Object(Closure))
#48 C:\\Laravel\\milanodoors-mailing-service\\vendor\\laravel\\framework\\src\\Illuminate\\Foundation\\Http\\Kernel.php(116): Illuminate\\Foundation\\Http\\Kernel->sendRequestThroughRouter(Object(Illuminate\\Http\\Request))
#49 C:\\Laravel\\milanodoors-mailing-service\\public\\index.php(55): Illuminate\\Foundation\\Http\\Kernel->handle(Object(Illuminate\\Http\\Request))
#50 C:\\Laravel\\milanodoors-mailing-service\\server.php(21): require_once('C:\\\\Laravel\\\\mila...')
#51 {main}
"} 
[2018-11-17 07:56:47] local.ERROR: Error executing "ReceiveMessage" on "https://sqs.us-east-1.amazonaws.com/818550460061/MilanoEmailQueue"; AWS HTTP error: Error creating resource: [message] fopen(https://sqs.us-east-1.amazonaws.com/818550460061/MilanoEmailQueue): failed to open stream: HTTP request failed! 
[file] C:\Laravel\milanodoors-mailing-service\vendor\guzzlehttp\guzzle\src\Handler\StreamHandler.php
[line] 323 {"exception":"[object] (Aws\\Sqs\\Exception\\SqsException(code: 0): Error executing \"ReceiveMessage\" on \"https://sqs.us-east-1.amazonaws.com/818550460061/MilanoEmailQueue\"; AWS HTTP error: Error creating resource: [message] fopen(https://sqs.us-east-1.amazonaws.com/818550460061/MilanoEmailQueue): failed to open stream: HTTP request failed! 
[file] C:\\Laravel\\milanodoors-mailing-service\\vendor\\guzzlehttp\\guzzle\\src\\Handler\\StreamHandler.php
[line] 323 at C:\\Laravel\\milanodoors-mailing-service\\vendor\\aws\\aws-sdk-php\\src\\WrappedHttpHandler.php:191, GuzzleHttp\\Exception\\RequestException(code: 0): Error creating resource: [message] fopen(https://sqs.us-east-1.amazonaws.com/818550460061/MilanoEmailQueue): failed to open stream: HTTP request failed! 
[file] C:\\Laravel\\milanodoors-mailing-service\\vendor\\guzzlehttp\\guzzle\\src\\Handler\\StreamHandler.php
[line] 323 at C:\\Laravel\\milanodoors-mailing-service\\vendor\\guzzlehttp\\guzzle\\src\\Exception\\RequestException.php:52, RuntimeException(code: 0): Error creating resource: [message] fopen(https://sqs.us-east-1.amazonaws.com/818550460061/MilanoEmailQueue): failed to open stream: HTTP request failed! 
[file] C:\\Laravel\\milanodoors-mailing-service\\vendor\\guzzlehttp\\guzzle\\src\\Handler\\StreamHandler.php
[line] 323 at C:\\Laravel\\milanodoors-mailing-service\\vendor\\guzzlehttp\\guzzle\\src\\Handler\\StreamHandler.php:252)
[stacktrace]
#0 C:\\Laravel\\milanodoors-mailing-service\\vendor\\aws\\aws-sdk-php\\src\\WrappedHttpHandler.php(100): Aws\\WrappedHttpHandler->parseError(Array, Object(GuzzleHttp\\Psr7\\Request), Object(Aws\\Command), Array)
#1 C:\\Laravel\\milanodoors-mailing-service\\vendor\\guzzlehttp\\promises\\src\\Promise.php(203): Aws\\WrappedHttpHandler->Aws\\{closure}(Array)
#2 C:\\Laravel\\milanodoors-mailing-service\\vendor\\guzzlehttp\\promises\\src\\Promise.php(174): GuzzleHttp\\Promise\\Promise::callHandler(2, Array, Array)
#3 C:\\Laravel\\milanodoors-mailing-service\\vendor\\guzzlehttp\\promises\\src\\RejectedPromise.php(40): GuzzleHttp\\Promise\\Promise::GuzzleHttp\\Promise\\{closure}(Array)
#4 C:\\Laravel\\milanodoors-mailing-service\\vendor\\guzzlehttp\\promises\\src\\TaskQueue.php(47): GuzzleHttp\\Promise\\RejectedPromise::GuzzleHttp\\Promise\\{closure}()
#5 C:\\Laravel\\milanodoors-mailing-service\\vendor\\guzzlehttp\\promises\\src\\Promise.php(246): GuzzleHttp\\Promise\\TaskQueue->run(true)
#6 C:\\Laravel\\milanodoors-mailing-service\\vendor\\guzzlehttp\\promises\\src\\Promise.php(223): GuzzleHttp\\Promise\\Promise->invokeWaitFn()
#7 C:\\Laravel\\milanodoors-mailing-service\\vendor\\guzzlehttp\\promises\\src\\Promise.php(267): GuzzleHttp\\Promise\\Promise->waitIfPending()
#8 C:\\Laravel\\milanodoors-mailing-service\\vendor\\guzzlehttp\\promises\\src\\Promise.php(225): GuzzleHttp\\Promise\\Promise->invokeWaitList()
#9 C:\\Laravel\\milanodoors-mailing-service\\vendor\\guzzlehttp\\promises\\src\\Promise.php(62): GuzzleHttp\\Promise\\Promise->waitIfPending()
#10 C:\\Laravel\\milanodoors-mailing-service\\vendor\\aws\\aws-sdk-php\\src\\AwsClientTrait.php(58): GuzzleHttp\\Promise\\Promise->wait()
#11 C:\\Laravel\\milanodoors-mailing-service\\vendor\\aws\\aws-sdk-php\\src\\AwsClientTrait.php(77): Aws\\AwsClient->execute(Object(Aws\\Command))
#12 C:\\Laravel\\milanodoors-mailing-service\\vendor\\laravel\\framework\\src\\Illuminate\\Queue\\SqsQueue.php(120): Aws\\AwsClient->__call('receiveMessage', Array)
#13 C:\\Laravel\\milanodoors-mailing-service\\vendor\\laravel\\framework\\src\\Illuminate\\Queue\\Worker.php(247): Illuminate\\Queue\\SqsQueue->pop('https://sqs.us-...')
#14 C:\\Laravel\\milanodoors-mailing-service\\vendor\\laravel\\framework\\src\\Illuminate\\Queue\\Worker.php(107): Illuminate\\Queue\\Worker->getNextJob(Object(Illuminate\\Queue\\SqsQueue), 'MilanoEmailQueu...')
#15 C:\\Laravel\\milanodoors-mailing-service\\vendor\\laravel\\framework\\src\\Illuminate\\Queue\\Console\\WorkCommand.php(102): Illuminate\\Queue\\Worker->daemon('sqs', 'MilanoEmailQueu...', Object(Illuminate\\Queue\\WorkerOptions))
#16 C:\\Laravel\\milanodoors-mailing-service\\vendor\\laravel\\framework\\src\\Illuminate\\Queue\\Console\\WorkCommand.php(86): Illuminate\\Queue\\Console\\WorkCommand->runWorker('sqs', 'MilanoEmailQueu...')
#17 [internal function]: Illuminate\\Queue\\Console\\WorkCommand->handle()
#18 C:\\Laravel\\milanodoors-mailing-service\\vendor\\laravel\\framework\\src\\Illuminate\\Container\\BoundMethod.php(29): call_user_func_array(Array, Array)
#19 C:\\Laravel\\milanodoors-mailing-service\\vendor\\laravel\\framework\\src\\Illuminate\\Container\\BoundMethod.php(87): Illuminate\\Container\\BoundMethod::Illuminate\\Container\\{closure}()
#20 C:\\Laravel\\milanodoors-mailing-service\\vendor\\laravel\\framework\\src\\Illuminate\\Container\\BoundMethod.php(31): Illuminate\\Container\\BoundMethod::callBoundMethod(Object(Illuminate\\Foundation\\Application), Array, Object(Closure))
#21 C:\\Laravel\\milanodoors-mailing-service\\vendor\\laravel\\framework\\src\\Illuminate\\Container\\Container.php(572): Illuminate\\Container\\BoundMethod::call(Object(Illuminate\\Foundation\\Application), Array, Array, NULL)
#22 C:\\Laravel\\milanodoors-mailing-service\\vendor\\laravel\\framework\\src\\Illuminate\\Console\\Command.php(183): Illuminate\\Container\\Container->call(Array)
#23 C:\\Laravel\\milanodoors-mailing-service\\vendor\\symfony\\console\\Command\\Command.php(255): Illuminate\\Console\\Command->execute(Object(Symfony\\Component\\Console\\Input\\ArgvInput), Object(Illuminate\\Console\\OutputStyle))
#24 C:\\Laravel\\milanodoors-mailing-service\\vendor\\laravel\\framework\\src\\Illuminate\\Console\\Command.php(170): Symfony\\Component\\Console\\Command\\Command->run(Object(Symfony\\Component\\Console\\Input\\ArgvInput), Object(Illuminate\\Console\\OutputStyle))
#25 C:\\Laravel\\milanodoors-mailing-service\\vendor\\symfony\\console\\Application.php(886): Illuminate\\Console\\Command->run(Object(Symfony\\Component\\Console\\Input\\ArgvInput), Object(Symfony\\Component\\Console\\Output\\ConsoleOutput))
#26 C:\\Laravel\\milanodoors-mailing-service\\vendor\\symfony\\console\\Application.php(262): Symfony\\Component\\Console\\Application->doRunCommand(Object(Illuminate\\Queue\\Console\\WorkCommand), Object(Symfony\\Component\\Console\\Input\\ArgvInput), Object(Symfony\\Component\\Console\\Output\\ConsoleOutput))
#27 C:\\Laravel\\milanodoors-mailing-service\\vendor\\symfony\\console\\Application.php(145): Symfony\\Component\\Console\\Application->doRun(Object(Symfony\\Component\\Console\\Input\\ArgvInput), Object(Symfony\\Component\\Console\\Output\\ConsoleOutput))
#28 C:\\Laravel\\milanodoors-mailing-service\\vendor\\laravel\\framework\\src\\Illuminate\\Console\\Application.php(89): Symfony\\Component\\Console\\Application->run(Object(Symfony\\Component\\Console\\Input\\ArgvInput), Object(Symfony\\Component\\Console\\Output\\ConsoleOutput))
#29 C:\\Laravel\\milanodoors-mailing-service\\vendor\\laravel\\framework\\src\\Illuminate\\Foundation\\Console\\Kernel.php(122): Illuminate\\Console\\Application->run(Object(Symfony\\Component\\Console\\Input\\ArgvInput), Object(Symfony\\Component\\Console\\Output\\ConsoleOutput))
#30 C:\\Laravel\\milanodoors-mailing-service\\artisan(37): Illuminate\\Foundation\\Console\\Kernel->handle(Object(Symfony\\Component\\Console\\Input\\ArgvInput), Object(Symfony\\Component\\Console\\Output\\ConsoleOutput))
#31 {main}
"} 
[2018-11-17 17:04:07] local.ERROR: Error executing "ReceiveMessage" on "https://sqs.us-east-1.amazonaws.com/818550460061/MilanoEmailQueue"; AWS HTTP error: Client error: `POST https://sqs.us-east-1.amazonaws.com/818550460061/MilanoEmailQueue` resulted in a `403 Forbidden` response:
<?xml version="1.0"?><ErrorResponse xmlns="http://queue.amazonaws.com/doc/2012-11-05/"><Error><Type>Sender</Type><Code>S (truncated...)
 SignatureDoesNotMatch (client): Signature expired: 20181117T075657Z is now earlier than 20181117T164905Z (20181117T170405Z - 15 min.) - <?xml version="1.0"?><ErrorResponse xmlns="http://queue.amazonaws.com/doc/2012-11-05/"><Error><Type>Sender</Type><Code>SignatureDoesNotMatch</Code><Message>Signature expired: 20181117T075657Z is now earlier than 20181117T164905Z (20181117T170405Z - 15 min.)</Message><Detail/></Error><RequestId>33f170a4-1641-5d10-acbc-24ce5a04f9e9</RequestId></ErrorResponse> {"exception":"[object] (Aws\\Sqs\\Exception\\SqsException(code: 0): Error executing \"ReceiveMessage\" on \"https://sqs.us-east-1.amazonaws.com/818550460061/MilanoEmailQueue\"; AWS HTTP error: Client error: `POST https://sqs.us-east-1.amazonaws.com/818550460061/MilanoEmailQueue` resulted in a `403 Forbidden` response:
<?xml version=\"1.0\"?><ErrorResponse xmlns=\"http://queue.amazonaws.com/doc/2012-11-05/\"><Error><Type>Sender</Type><Code>S (truncated...)
 SignatureDoesNotMatch (client): Signature expired: 20181117T075657Z is now earlier than 20181117T164905Z (20181117T170405Z - 15 min.) - <?xml version=\"1.0\"?><ErrorResponse xmlns=\"http://queue.amazonaws.com/doc/2012-11-05/\"><Error><Type>Sender</Type><Code>SignatureDoesNotMatch</Code><Message>Signature expired: 20181117T075657Z is now earlier than 20181117T164905Z (20181117T170405Z - 15 min.)</Message><Detail/></Error><RequestId>33f170a4-1641-5d10-acbc-24ce5a04f9e9</RequestId></ErrorResponse> at C:\\Laravel\\milanodoors-mailing-service\\vendor\\aws\\aws-sdk-php\\src\\WrappedHttpHandler.php:191, GuzzleHttp\\Exception\\ClientException(code: 403): Client error: `POST https://sqs.us-east-1.amazonaws.com/818550460061/MilanoEmailQueue` resulted in a `403 Forbidden` response:
<?xml version=\"1.0\"?><ErrorResponse xmlns=\"http://queue.amazonaws.com/doc/2012-11-05/\"><Error><Type>Sender</Type><Code>S (truncated...)
 at C:\\Laravel\\milanodoors-mailing-service\\vendor\\guzzlehttp\\guzzle\\src\\Exception\\RequestException.php:113)
[stacktrace]
#0 C:\\Laravel\\milanodoors-mailing-service\\vendor\\aws\\aws-sdk-php\\src\\WrappedHttpHandler.php(100): Aws\\WrappedHttpHandler->parseError(Array, Object(GuzzleHttp\\Psr7\\Request), Object(Aws\\Command), Array)
#1 C:\\Laravel\\milanodoors-mailing-service\\vendor\\guzzlehttp\\promises\\src\\Promise.php(203): Aws\\WrappedHttpHandler->Aws\\{closure}(Array)
#2 C:\\Laravel\\milanodoors-mailing-service\\vendor\\guzzlehttp\\promises\\src\\Promise.php(174): GuzzleHttp\\Promise\\Promise::callHandler(2, Array, Array)
#3 C:\\Laravel\\milanodoors-mailing-service\\vendor\\guzzlehttp\\promises\\src\\RejectedPromise.php(40): GuzzleHttp\\Promise\\Promise::GuzzleHttp\\Promise\\{closure}(Array)
#4 C:\\Laravel\\milanodoors-mailing-service\\vendor\\guzzlehttp\\promises\\src\\TaskQueue.php(47): GuzzleHttp\\Promise\\RejectedPromise::GuzzleHttp\\Promise\\{closure}()
#5 C:\\Laravel\\milanodoors-mailing-service\\vendor\\guzzlehttp\\promises\\src\\Promise.php(246): GuzzleHttp\\Promise\\TaskQueue->run(true)
#6 C:\\Laravel\\milanodoors-mailing-service\\vendor\\guzzlehttp\\promises\\src\\Promise.php(223): GuzzleHttp\\Promise\\Promise->invokeWaitFn()
#7 C:\\Laravel\\milanodoors-mailing-service\\vendor\\guzzlehttp\\promises\\src\\Promise.php(267): GuzzleHttp\\Promise\\Promise->waitIfPending()
#8 C:\\Laravel\\milanodoors-mailing-service\\vendor\\guzzlehttp\\promises\\src\\Promise.php(225): GuzzleHttp\\Promise\\Promise->invokeWaitList()
#9 C:\\Laravel\\milanodoors-mailing-service\\vendor\\guzzlehttp\\promises\\src\\Promise.php(62): GuzzleHttp\\Promise\\Promise->waitIfPending()
#10 C:\\Laravel\\milanodoors-mailing-service\\vendor\\aws\\aws-sdk-php\\src\\AwsClientTrait.php(58): GuzzleHttp\\Promise\\Promise->wait()
#11 C:\\Laravel\\milanodoors-mailing-service\\vendor\\aws\\aws-sdk-php\\src\\AwsClientTrait.php(77): Aws\\AwsClient->execute(Object(Aws\\Command))
#12 C:\\Laravel\\milanodoors-mailing-service\\vendor\\laravel\\framework\\src\\Illuminate\\Queue\\SqsQueue.php(120): Aws\\AwsClient->__call('receiveMessage', Array)
#13 C:\\Laravel\\milanodoors-mailing-service\\vendor\\laravel\\framework\\src\\Illuminate\\Queue\\Worker.php(247): Illuminate\\Queue\\SqsQueue->pop('https://sqs.us-...')
#14 C:\\Laravel\\milanodoors-mailing-service\\vendor\\laravel\\framework\\src\\Illuminate\\Queue\\Worker.php(107): Illuminate\\Queue\\Worker->getNextJob(Object(Illuminate\\Queue\\SqsQueue), 'MilanoEmailQueu...')
#15 C:\\Laravel\\milanodoors-mailing-service\\vendor\\laravel\\framework\\src\\Illuminate\\Queue\\Console\\WorkCommand.php(102): Illuminate\\Queue\\Worker->daemon('sqs', 'MilanoEmailQueu...', Object(Illuminate\\Queue\\WorkerOptions))
#16 C:\\Laravel\\milanodoors-mailing-service\\vendor\\laravel\\framework\\src\\Illuminate\\Queue\\Console\\WorkCommand.php(86): Illuminate\\Queue\\Console\\WorkCommand->runWorker('sqs', 'MilanoEmailQueu...')
#17 [internal function]: Illuminate\\Queue\\Console\\WorkCommand->handle()
#18 C:\\Laravel\\milanodoors-mailing-service\\vendor\\laravel\\framework\\src\\Illuminate\\Container\\BoundMethod.php(29): call_user_func_array(Array, Array)
#19 C:\\Laravel\\milanodoors-mailing-service\\vendor\\laravel\\framework\\src\\Illuminate\\Container\\BoundMethod.php(87): Illuminate\\Container\\BoundMethod::Illuminate\\Container\\{closure}()
#20 C:\\Laravel\\milanodoors-mailing-service\\vendor\\laravel\\framework\\src\\Illuminate\\Container\\BoundMethod.php(31): Illuminate\\Container\\BoundMethod::callBoundMethod(Object(Illuminate\\Foundation\\Application), Array, Object(Closure))
#21 C:\\Laravel\\milanodoors-mailing-service\\vendor\\laravel\\framework\\src\\Illuminate\\Container\\Container.php(572): Illuminate\\Container\\BoundMethod::call(Object(Illuminate\\Foundation\\Application), Array, Array, NULL)
#22 C:\\Laravel\\milanodoors-mailing-service\\vendor\\laravel\\framework\\src\\Illuminate\\Console\\Command.php(183): Illuminate\\Container\\Container->call(Array)
#23 C:\\Laravel\\milanodoors-mailing-service\\vendor\\symfony\\console\\Command\\Command.php(255): Illuminate\\Console\\Command->execute(Object(Symfony\\Component\\Console\\Input\\ArgvInput), Object(Illuminate\\Console\\OutputStyle))
#24 C:\\Laravel\\milanodoors-mailing-service\\vendor\\laravel\\framework\\src\\Illuminate\\Console\\Command.php(170): Symfony\\Component\\Console\\Command\\Command->run(Object(Symfony\\Component\\Console\\Input\\ArgvInput), Object(Illuminate\\Console\\OutputStyle))
#25 C:\\Laravel\\milanodoors-mailing-service\\vendor\\symfony\\console\\Application.php(886): Illuminate\\Console\\Command->run(Object(Symfony\\Component\\Console\\Input\\ArgvInput), Object(Symfony\\Component\\Console\\Output\\ConsoleOutput))
#26 C:\\Laravel\\milanodoors-mailing-service\\vendor\\symfony\\console\\Application.php(262): Symfony\\Component\\Console\\Application->doRunCommand(Object(Illuminate\\Queue\\Console\\WorkCommand), Object(Symfony\\Component\\Console\\Input\\ArgvInput), Object(Symfony\\Component\\Console\\Output\\ConsoleOutput))
#27 C:\\Laravel\\milanodoors-mailing-service\\vendor\\symfony\\console\\Application.php(145): Symfony\\Component\\Console\\Application->doRun(Object(Symfony\\Component\\Console\\Input\\ArgvInput), Object(Symfony\\Component\\Console\\Output\\ConsoleOutput))
#28 C:\\Laravel\\milanodoors-mailing-service\\vendor\\laravel\\framework\\src\\Illuminate\\Console\\Application.php(89): Symfony\\Component\\Console\\Application->run(Object(Symfony\\Component\\Console\\Input\\ArgvInput), Object(Symfony\\Component\\Console\\Output\\ConsoleOutput))
#29 C:\\Laravel\\milanodoors-mailing-service\\vendor\\laravel\\framework\\src\\Illuminate\\Foundation\\Console\\Kernel.php(122): Illuminate\\Console\\Application->run(Object(Symfony\\Component\\Console\\Input\\ArgvInput), Object(Symfony\\Component\\Console\\Output\\ConsoleOutput))
#30 C:\\Laravel\\milanodoors-mailing-service\\artisan(37): Illuminate\\Foundation\\Console\\Kernel->handle(Object(Symfony\\Component\\Console\\Input\\ArgvInput), Object(Symfony\\Component\\Console\\Output\\ConsoleOutput))
#31 {main}
"} 
[2018-11-17 17:48:11] local.ERROR: Error executing "ReceiveMessage" on "https://sqs.us-east-1.amazonaws.com/818550460061/MilanoEmailQueue"; AWS HTTP error: Error creating resource: [message] fopen(): SSL: The operation completed successfully.

[file] C:\Laravel\milanodoors-mailing-service\vendor\guzzlehttp\guzzle\src\Handler\StreamHandler.php
[line] 323
[message] fopen(https://sqs.us-east-1.amazonaws.com/818550460061/MilanoEmailQueue): failed to open stream: HTTP request failed! 
[file] C:\Laravel\milanodoors-mailing-service\vendor\guzzlehttp\guzzle\src\Handler\StreamHandler.php
[line] 323 {"exception":"[object] (Aws\\Sqs\\Exception\\SqsException(code: 0): Error executing \"ReceiveMessage\" on \"https://sqs.us-east-1.amazonaws.com/818550460061/MilanoEmailQueue\"; AWS HTTP error: Error creating resource: [message] fopen(): SSL: The operation completed successfully.

[file] C:\\Laravel\\milanodoors-mailing-service\\vendor\\guzzlehttp\\guzzle\\src\\Handler\\StreamHandler.php
[line] 323
[message] fopen(https://sqs.us-east-1.amazonaws.com/818550460061/MilanoEmailQueue): failed to open stream: HTTP request failed! 
[file] C:\\Laravel\\milanodoors-mailing-service\\vendor\\guzzlehttp\\guzzle\\src\\Handler\\StreamHandler.php
[line] 323 at C:\\Laravel\\milanodoors-mailing-service\\vendor\\aws\\aws-sdk-php\\src\\WrappedHttpHandler.php:191, GuzzleHttp\\Exception\\RequestException(code: 0): Error creating resource: [message] fopen(): SSL: The operation completed successfully.

[file] C:\\Laravel\\milanodoors-mailing-service\\vendor\\guzzlehttp\\guzzle\\src\\Handler\\StreamHandler.php
[line] 323
[message] fopen(https://sqs.us-east-1.amazonaws.com/818550460061/MilanoEmailQueue): failed to open stream: HTTP request failed! 
[file] C:\\Laravel\\milanodoors-mailing-service\\vendor\\guzzlehttp\\guzzle\\src\\Handler\\StreamHandler.php
[line] 323 at C:\\Laravel\\milanodoors-mailing-service\\vendor\\guzzlehttp\\guzzle\\src\\Exception\\RequestException.php:52, RuntimeException(code: 0): Error creating resource: [message] fopen(): SSL: The operation completed successfully.

[file] C:\\Laravel\\milanodoors-mailing-service\\vendor\\guzzlehttp\\guzzle\\src\\Handler\\StreamHandler.php
[line] 323
[message] fopen(https://sqs.us-east-1.amazonaws.com/818550460061/MilanoEmailQueue): failed to open stream: HTTP request failed! 
[file] C:\\Laravel\\milanodoors-mailing-service\\vendor\\guzzlehttp\\guzzle\\src\\Handler\\StreamHandler.php
[line] 323 at C:\\Laravel\\milanodoors-mailing-service\\vendor\\guzzlehttp\\guzzle\\src\\Handler\\StreamHandler.php:252)
[stacktrace]
#0 C:\\Laravel\\milanodoors-mailing-service\\vendor\\aws\\aws-sdk-php\\src\\WrappedHttpHandler.php(100): Aws\\WrappedHttpHandler->parseError(Array, Object(GuzzleHttp\\Psr7\\Request), Object(Aws\\Command), Array)
#1 C:\\Laravel\\milanodoors-mailing-service\\vendor\\guzzlehttp\\promises\\src\\Promise.php(203): Aws\\WrappedHttpHandler->Aws\\{closure}(Array)
#2 C:\\Laravel\\milanodoors-mailing-service\\vendor\\guzzlehttp\\promises\\src\\Promise.php(174): GuzzleHttp\\Promise\\Promise::callHandler(2, Array, Array)
#3 C:\\Laravel\\milanodoors-mailing-service\\vendor\\guzzlehttp\\promises\\src\\RejectedPromise.php(40): GuzzleHttp\\Promise\\Promise::GuzzleHttp\\Promise\\{closure}(Array)
#4 C:\\Laravel\\milanodoors-mailing-service\\vendor\\guzzlehttp\\promises\\src\\TaskQueue.php(47): GuzzleHttp\\Promise\\RejectedPromise::GuzzleHttp\\Promise\\{closure}()
#5 C:\\Laravel\\milanodoors-mailing-service\\vendor\\guzzlehttp\\promises\\src\\Promise.php(246): GuzzleHttp\\Promise\\TaskQueue->run(true)
#6 C:\\Laravel\\milanodoors-mailing-service\\vendor\\guzzlehttp\\promises\\src\\Promise.php(223): GuzzleHttp\\Promise\\Promise->invokeWaitFn()
#7 C:\\Laravel\\milanodoors-mailing-service\\vendor\\guzzlehttp\\promises\\src\\Promise.php(267): GuzzleHttp\\Promise\\Promise->waitIfPending()
#8 C:\\Laravel\\milanodoors-mailing-service\\vendor\\guzzlehttp\\promises\\src\\Promise.php(225): GuzzleHttp\\Promise\\Promise->invokeWaitList()
#9 C:\\Laravel\\milanodoors-mailing-service\\vendor\\guzzlehttp\\promises\\src\\Promise.php(62): GuzzleHttp\\Promise\\Promise->waitIfPending()
#10 C:\\Laravel\\milanodoors-mailing-service\\vendor\\aws\\aws-sdk-php\\src\\AwsClientTrait.php(58): GuzzleHttp\\Promise\\Promise->wait()
#11 C:\\Laravel\\milanodoors-mailing-service\\vendor\\aws\\aws-sdk-php\\src\\AwsClientTrait.php(77): Aws\\AwsClient->execute(Object(Aws\\Command))
#12 C:\\Laravel\\milanodoors-mailing-service\\vendor\\laravel\\framework\\src\\Illuminate\\Queue\\SqsQueue.php(120): Aws\\AwsClient->__call('receiveMessage', Array)
#13 C:\\Laravel\\milanodoors-mailing-service\\vendor\\laravel\\framework\\src\\Illuminate\\Queue\\Worker.php(247): Illuminate\\Queue\\SqsQueue->pop('https://sqs.us-...')
#14 C:\\Laravel\\milanodoors-mailing-service\\vendor\\laravel\\framework\\src\\Illuminate\\Queue\\Worker.php(107): Illuminate\\Queue\\Worker->getNextJob(Object(Illuminate\\Queue\\SqsQueue), 'MilanoEmailQueu...')
#15 C:\\Laravel\\milanodoors-mailing-service\\vendor\\laravel\\framework\\src\\Illuminate\\Queue\\Console\\WorkCommand.php(102): Illuminate\\Queue\\Worker->daemon('sqs', 'MilanoEmailQueu...', Object(Illuminate\\Queue\\WorkerOptions))
#16 C:\\Laravel\\milanodoors-mailing-service\\vendor\\laravel\\framework\\src\\Illuminate\\Queue\\Console\\WorkCommand.php(86): Illuminate\\Queue\\Console\\WorkCommand->runWorker('sqs', 'MilanoEmailQueu...')
#17 [internal function]: Illuminate\\Queue\\Console\\WorkCommand->handle()
#18 C:\\Laravel\\milanodoors-mailing-service\\vendor\\laravel\\framework\\src\\Illuminate\\Container\\BoundMethod.php(29): call_user_func_array(Array, Array)
#19 C:\\Laravel\\milanodoors-mailing-service\\vendor\\laravel\\framework\\src\\Illuminate\\Container\\BoundMethod.php(87): Illuminate\\Container\\BoundMethod::Illuminate\\Container\\{closure}()
#20 C:\\Laravel\\milanodoors-mailing-service\\vendor\\laravel\\framework\\src\\Illuminate\\Container\\BoundMethod.php(31): Illuminate\\Container\\BoundMethod::callBoundMethod(Object(Illuminate\\Foundation\\Application), Array, Object(Closure))
#21 C:\\Laravel\\milanodoors-mailing-service\\vendor\\laravel\\framework\\src\\Illuminate\\Container\\Container.php(572): Illuminate\\Container\\BoundMethod::call(Object(Illuminate\\Foundation\\Application), Array, Array, NULL)
#22 C:\\Laravel\\milanodoors-mailing-service\\vendor\\laravel\\framework\\src\\Illuminate\\Console\\Command.php(183): Illuminate\\Container\\Container->call(Array)
#23 C:\\Laravel\\milanodoors-mailing-service\\vendor\\symfony\\console\\Command\\Command.php(255): Illuminate\\Console\\Command->execute(Object(Symfony\\Component\\Console\\Input\\ArgvInput), Object(Illuminate\\Console\\OutputStyle))
#24 C:\\Laravel\\milanodoors-mailing-service\\vendor\\laravel\\framework\\src\\Illuminate\\Console\\Command.php(170): Symfony\\Component\\Console\\Command\\Command->run(Object(Symfony\\Component\\Console\\Input\\ArgvInput), Object(Illuminate\\Console\\OutputStyle))
#25 C:\\Laravel\\milanodoors-mailing-service\\vendor\\symfony\\console\\Application.php(886): Illuminate\\Console\\Command->run(Object(Symfony\\Component\\Console\\Input\\ArgvInput), Object(Symfony\\Component\\Console\\Output\\ConsoleOutput))
#26 C:\\Laravel\\milanodoors-mailing-service\\vendor\\symfony\\console\\Application.php(262): Symfony\\Component\\Console\\Application->doRunCommand(Object(Illuminate\\Queue\\Console\\WorkCommand), Object(Symfony\\Component\\Console\\Input\\ArgvInput), Object(Symfony\\Component\\Console\\Output\\ConsoleOutput))
#27 C:\\Laravel\\milanodoors-mailing-service\\vendor\\symfony\\console\\Application.php(145): Symfony\\Component\\Console\\Application->doRun(Object(Symfony\\Component\\Console\\Input\\ArgvInput), Object(Symfony\\Component\\Console\\Output\\ConsoleOutput))
#28 C:\\Laravel\\milanodoors-mailing-service\\vendor\\laravel\\framework\\src\\Illuminate\\Console\\Application.php(89): Symfony\\Component\\Console\\Application->run(Object(Symfony\\Component\\Console\\Input\\ArgvInput), Object(Symfony\\Component\\Console\\Output\\ConsoleOutput))
#29 C:\\Laravel\\milanodoors-mailing-service\\vendor\\laravel\\framework\\src\\Illuminate\\Foundation\\Console\\Kernel.php(122): Illuminate\\Console\\Application->run(Object(Symfony\\Component\\Console\\Input\\ArgvInput), Object(Symfony\\Component\\Console\\Output\\ConsoleOutput))
#30 C:\\Laravel\\milanodoors-mailing-service\\artisan(37): Illuminate\\Foundation\\Console\\Kernel->handle(Object(Symfony\\Component\\Console\\Input\\ArgvInput), Object(Symfony\\Component\\Console\\Output\\ConsoleOutput))
#31 {main}
"} 
[2018-11-17 18:49:36] local.ERROR: Error executing "ReceiveMessage" on "https://sqs.us-east-1.amazonaws.com/818550460061/MilanoEmailQueue"; AWS HTTP error: Client error: `POST https://sqs.us-east-1.amazonaws.com/818550460061/MilanoEmailQueue` resulted in a `403 Forbidden` response:
<?xml version="1.0"?><ErrorResponse xmlns="http://queue.amazonaws.com/doc/2012-11-05/"><Error><Type>Sender</Type><Code>S (truncated...)
 SignatureDoesNotMatch (client): Signature expired: 20181117T181148Z is now earlier than 20181117T183435Z (20181117T184935Z - 15 min.) - <?xml version="1.0"?><ErrorResponse xmlns="http://queue.amazonaws.com/doc/2012-11-05/"><Error><Type>Sender</Type><Code>SignatureDoesNotMatch</Code><Message>Signature expired: 20181117T181148Z is now earlier than 20181117T183435Z (20181117T184935Z - 15 min.)</Message><Detail/></Error><RequestId>5fef5411-e6f8-5613-bf27-007b8207552b</RequestId></ErrorResponse> {"exception":"[object] (Aws\\Sqs\\Exception\\SqsException(code: 0): Error executing \"ReceiveMessage\" on \"https://sqs.us-east-1.amazonaws.com/818550460061/MilanoEmailQueue\"; AWS HTTP error: Client error: `POST https://sqs.us-east-1.amazonaws.com/818550460061/MilanoEmailQueue` resulted in a `403 Forbidden` response:
<?xml version=\"1.0\"?><ErrorResponse xmlns=\"http://queue.amazonaws.com/doc/2012-11-05/\"><Error><Type>Sender</Type><Code>S (truncated...)
 SignatureDoesNotMatch (client): Signature expired: 20181117T181148Z is now earlier than 20181117T183435Z (20181117T184935Z - 15 min.) - <?xml version=\"1.0\"?><ErrorResponse xmlns=\"http://queue.amazonaws.com/doc/2012-11-05/\"><Error><Type>Sender</Type><Code>SignatureDoesNotMatch</Code><Message>Signature expired: 20181117T181148Z is now earlier than 20181117T183435Z (20181117T184935Z - 15 min.)</Message><Detail/></Error><RequestId>5fef5411-e6f8-5613-bf27-007b8207552b</RequestId></ErrorResponse> at C:\\Laravel\\milanodoors-mailing-service\\vendor\\aws\\aws-sdk-php\\src\\WrappedHttpHandler.php:191, GuzzleHttp\\Exception\\ClientException(code: 403): Client error: `POST https://sqs.us-east-1.amazonaws.com/818550460061/MilanoEmailQueue` resulted in a `403 Forbidden` response:
<?xml version=\"1.0\"?><ErrorResponse xmlns=\"http://queue.amazonaws.com/doc/2012-11-05/\"><Error><Type>Sender</Type><Code>S (truncated...)
 at C:\\Laravel\\milanodoors-mailing-service\\vendor\\guzzlehttp\\guzzle\\src\\Exception\\RequestException.php:113)
[stacktrace]
#0 C:\\Laravel\\milanodoors-mailing-service\\vendor\\aws\\aws-sdk-php\\src\\WrappedHttpHandler.php(100): Aws\\WrappedHttpHandler->parseError(Array, Object(GuzzleHttp\\Psr7\\Request), Object(Aws\\Command), Array)
#1 C:\\Laravel\\milanodoors-mailing-service\\vendor\\guzzlehttp\\promises\\src\\Promise.php(203): Aws\\WrappedHttpHandler->Aws\\{closure}(Array)
#2 C:\\Laravel\\milanodoors-mailing-service\\vendor\\guzzlehttp\\promises\\src\\Promise.php(174): GuzzleHttp\\Promise\\Promise::callHandler(2, Array, Array)
#3 C:\\Laravel\\milanodoors-mailing-service\\vendor\\guzzlehttp\\promises\\src\\RejectedPromise.php(40): GuzzleHttp\\Promise\\Promise::GuzzleHttp\\Promise\\{closure}(Array)
#4 C:\\Laravel\\milanodoors-mailing-service\\vendor\\guzzlehttp\\promises\\src\\TaskQueue.php(47): GuzzleHttp\\Promise\\RejectedPromise::GuzzleHttp\\Promise\\{closure}()
#5 C:\\Laravel\\milanodoors-mailing-service\\vendor\\guzzlehttp\\promises\\src\\Promise.php(246): GuzzleHttp\\Promise\\TaskQueue->run(true)
#6 C:\\Laravel\\milanodoors-mailing-service\\vendor\\guzzlehttp\\promises\\src\\Promise.php(223): GuzzleHttp\\Promise\\Promise->invokeWaitFn()
#7 C:\\Laravel\\milanodoors-mailing-service\\vendor\\guzzlehttp\\promises\\src\\Promise.php(267): GuzzleHttp\\Promise\\Promise->waitIfPending()
#8 C:\\Laravel\\milanodoors-mailing-service\\vendor\\guzzlehttp\\promises\\src\\Promise.php(225): GuzzleHttp\\Promise\\Promise->invokeWaitList()
#9 C:\\Laravel\\milanodoors-mailing-service\\vendor\\guzzlehttp\\promises\\src\\Promise.php(62): GuzzleHttp\\Promise\\Promise->waitIfPending()
#10 C:\\Laravel\\milanodoors-mailing-service\\vendor\\aws\\aws-sdk-php\\src\\AwsClientTrait.php(58): GuzzleHttp\\Promise\\Promise->wait()
#11 C:\\Laravel\\milanodoors-mailing-service\\vendor\\aws\\aws-sdk-php\\src\\AwsClientTrait.php(77): Aws\\AwsClient->execute(Object(Aws\\Command))
#12 C:\\Laravel\\milanodoors-mailing-service\\vendor\\laravel\\framework\\src\\Illuminate\\Queue\\SqsQueue.php(120): Aws\\AwsClient->__call('receiveMessage', Array)
#13 C:\\Laravel\\milanodoors-mailing-service\\vendor\\laravel\\framework\\src\\Illuminate\\Queue\\Worker.php(247): Illuminate\\Queue\\SqsQueue->pop('https://sqs.us-...')
#14 C:\\Laravel\\milanodoors-mailing-service\\vendor\\laravel\\framework\\src\\Illuminate\\Queue\\Worker.php(107): Illuminate\\Queue\\Worker->getNextJob(Object(Illuminate\\Queue\\SqsQueue), 'MilanoEmailQueu...')
#15 C:\\Laravel\\milanodoors-mailing-service\\vendor\\laravel\\framework\\src\\Illuminate\\Queue\\Console\\WorkCommand.php(102): Illuminate\\Queue\\Worker->daemon('sqs', 'MilanoEmailQueu...', Object(Illuminate\\Queue\\WorkerOptions))
#16 C:\\Laravel\\milanodoors-mailing-service\\vendor\\laravel\\framework\\src\\Illuminate\\Queue\\Console\\WorkCommand.php(86): Illuminate\\Queue\\Console\\WorkCommand->runWorker('sqs', 'MilanoEmailQueu...')
#17 [internal function]: Illuminate\\Queue\\Console\\WorkCommand->handle()
#18 C:\\Laravel\\milanodoors-mailing-service\\vendor\\laravel\\framework\\src\\Illuminate\\Container\\BoundMethod.php(29): call_user_func_array(Array, Array)
#19 C:\\Laravel\\milanodoors-mailing-service\\vendor\\laravel\\framework\\src\\Illuminate\\Container\\BoundMethod.php(87): Illuminate\\Container\\BoundMethod::Illuminate\\Container\\{closure}()
#20 C:\\Laravel\\milanodoors-mailing-service\\vendor\\laravel\\framework\\src\\Illuminate\\Container\\BoundMethod.php(31): Illuminate\\Container\\BoundMethod::callBoundMethod(Object(Illuminate\\Foundation\\Application), Array, Object(Closure))
#21 C:\\Laravel\\milanodoors-mailing-service\\vendor\\laravel\\framework\\src\\Illuminate\\Container\\Container.php(572): Illuminate\\Container\\BoundMethod::call(Object(Illuminate\\Foundation\\Application), Array, Array, NULL)
#22 C:\\Laravel\\milanodoors-mailing-service\\vendor\\laravel\\framework\\src\\Illuminate\\Console\\Command.php(183): Illuminate\\Container\\Container->call(Array)
#23 C:\\Laravel\\milanodoors-mailing-service\\vendor\\symfony\\console\\Command\\Command.php(255): Illuminate\\Console\\Command->execute(Object(Symfony\\Component\\Console\\Input\\ArgvInput), Object(Illuminate\\Console\\OutputStyle))
#24 C:\\Laravel\\milanodoors-mailing-service\\vendor\\laravel\\framework\\src\\Illuminate\\Console\\Command.php(170): Symfony\\Component\\Console\\Command\\Command->run(Object(Symfony\\Component\\Console\\Input\\ArgvInput), Object(Illuminate\\Console\\OutputStyle))
#25 C:\\Laravel\\milanodoors-mailing-service\\vendor\\symfony\\console\\Application.php(886): Illuminate\\Console\\Command->run(Object(Symfony\\Component\\Console\\Input\\ArgvInput), Object(Symfony\\Component\\Console\\Output\\ConsoleOutput))
#26 C:\\Laravel\\milanodoors-mailing-service\\vendor\\symfony\\console\\Application.php(262): Symfony\\Component\\Console\\Application->doRunCommand(Object(Illuminate\\Queue\\Console\\WorkCommand), Object(Symfony\\Component\\Console\\Input\\ArgvInput), Object(Symfony\\Component\\Console\\Output\\ConsoleOutput))
#27 C:\\Laravel\\milanodoors-mailing-service\\vendor\\symfony\\console\\Application.php(145): Symfony\\Component\\Console\\Application->doRun(Object(Symfony\\Component\\Console\\Input\\ArgvInput), Object(Symfony\\Component\\Console\\Output\\ConsoleOutput))
#28 C:\\Laravel\\milanodoors-mailing-service\\vendor\\laravel\\framework\\src\\Illuminate\\Console\\Application.php(89): Symfony\\Component\\Console\\Application->run(Object(Symfony\\Component\\Console\\Input\\ArgvInput), Object(Symfony\\Component\\Console\\Output\\ConsoleOutput))
#29 C:\\Laravel\\milanodoors-mailing-service\\vendor\\laravel\\framework\\src\\Illuminate\\Foundation\\Console\\Kernel.php(122): Illuminate\\Console\\Application->run(Object(Symfony\\Component\\Console\\Input\\ArgvInput), Object(Symfony\\Component\\Console\\Output\\ConsoleOutput))
#30 C:\\Laravel\\milanodoors-mailing-service\\artisan(37): Illuminate\\Foundation\\Console\\Kernel->handle(Object(Symfony\\Component\\Console\\Input\\ArgvInput), Object(Symfony\\Component\\Console\\Output\\ConsoleOutput))
#31 {main}
"} 
