[2018-11-18 02:09:02] local.ERROR: Error executing "ReceiveMessage" on "https://sqs.us-east-1.amazonaws.com/818550460061/MilanoEmailQueue"; AWS HTTP error: Client error: `POST https://sqs.us-east-1.amazonaws.com/818550460061/MilanoEmailQueue` resulted in a `403 Forbidden` response:
<?xml version="1.0"?><ErrorResponse xmlns="http://queue.amazonaws.com/doc/2012-11-05/"><Error><Type>Sender</Type><Code>S (truncated...)
 SignatureDoesNotMatch (client): Signature expired: 20181117T230858Z is now earlier than 20181118T015401Z (20181118T020901Z - 15 min.) - <?xml version="1.0"?><ErrorResponse xmlns="http://queue.amazonaws.com/doc/2012-11-05/"><Error><Type>Sender</Type><Code>SignatureDoesNotMatch</Code><Message>Signature expired: 20181117T230858Z is now earlier than 20181118T015401Z (20181118T020901Z - 15 min.)</Message><Detail/></Error><RequestId>92656c1a-67ba-50cc-b229-3870ac47fab9</RequestId></ErrorResponse> {"exception":"[object] (Aws\\Sqs\\Exception\\SqsException(code: 0): Error executing \"ReceiveMessage\" on \"https://sqs.us-east-1.amazonaws.com/818550460061/MilanoEmailQueue\"; AWS HTTP error: Client error: `POST https://sqs.us-east-1.amazonaws.com/818550460061/MilanoEmailQueue` resulted in a `403 Forbidden` response:
<?xml version=\"1.0\"?><ErrorResponse xmlns=\"http://queue.amazonaws.com/doc/2012-11-05/\"><Error><Type>Sender</Type><Code>S (truncated...)
 SignatureDoesNotMatch (client): Signature expired: 20181117T230858Z is now earlier than 20181118T015401Z (20181118T020901Z - 15 min.) - <?xml version=\"1.0\"?><ErrorResponse xmlns=\"http://queue.amazonaws.com/doc/2012-11-05/\"><Error><Type>Sender</Type><Code>SignatureDoesNotMatch</Code><Message>Signature expired: 20181117T230858Z is now earlier than 20181118T015401Z (20181118T020901Z - 15 min.)</Message><Detail/></Error><RequestId>92656c1a-67ba-50cc-b229-3870ac47fab9</RequestId></ErrorResponse> at C:\\Laravel\\milanodoors-mailing-service\\vendor\\aws\\aws-sdk-php\\src\\WrappedHttpHandler.php:191, GuzzleHttp\\Exception\\ClientException(code: 403): Client error: `POST https://sqs.us-east-1.amazonaws.com/818550460061/MilanoEmailQueue` resulted in a `403 Forbidden` response:
<?xml version=\"1.0\"?><ErrorResponse xmlns=\"http://queue.amazonaws.com/doc/2012-11-05/\"><Error><Type>Sender</Type><Code>S (truncated...)
 at C:\\Laravel\\milanodoors-mailing-service\\vendor\\guzzlehttp\\guzzle\\src\\Exception\\RequestException.php:113)
[stacktrace]
#0 C:\\Laravel\\milanodoors-mailing-service\\vendor\\aws\\aws-sdk-php\\src\\WrappedHttpHandler.php(100): Aws\\WrappedHttpHandler->parseError(Array, Object(GuzzleHttp\\Psr7\\Request), Object(Aws\\Command), Array)
#1 C:\\Laravel\\milanodoors-mailing-service\\vendor\\guzzlehttp\\promises\\src\\Promise.php(203): Aws\\WrappedHttpHandler->Aws\\{closure}(Array)
#2 C:\\Laravel\\milanodoors-mailing-service\\vendor\\guzzlehttp\\promises\\src\\Promise.php(174): GuzzleHttp\\Promise\\Promise::callHandler(2, Array, Array)
#3 C:\\Laravel\\milanodoors-mailing-service\\vendor\\guzzlehttp\\promises\\src\\RejectedPromise.php(40): GuzzleHttp\\Promise\\Promise::GuzzleHttp\\Promise\\{closure}(Array)
#4 C:\\Laravel\\milanodoors-mailing-service\\vendor\\guzzlehttp\\promises\\src\\TaskQueue.php(47): GuzzleHttp\\Promise\\RejectedPromise::GuzzleHttp\\Promise\\{closure}()
#5 C:\\Laravel\\milanodoors-mailing-service\\vendor\\guzzlehttp\\promises\\src\\Promise.php(246): GuzzleHttp\\Promise\\TaskQueue->run(true)
#6 C:\\Laravel\\milanodoors-mailing-service\\vendor\\guzzlehttp\\promises\\src\\Promise.php(223): GuzzleHttp\\Promise\\Promise->invokeWaitFn()
#7 C:\\Laravel\\milanodoors-mailing-service\\vendor\\guzzlehttp\\promises\\src\\Promise.php(267): GuzzleHttp\\Promise\\Promise->waitIfPending()
#8 C:\\Laravel\\milanodoors-mailing-service\\vendor\\guzzlehttp\\promises\\src\\Promise.php(225): GuzzleHttp\\Promise\\Promise->invokeWaitList()
#9 C:\\Laravel\\milanodoors-mailing-service\\vendor\\guzzlehttp\\promises\\src\\Promise.php(62): GuzzleHttp\\Promise\\Promise->waitIfPending()
#10 C:\\Laravel\\milanodoors-mailing-service\\vendor\\aws\\aws-sdk-php\\src\\AwsClientTrait.php(58): GuzzleHttp\\Promise\\Promise->wait()
#11 C:\\Laravel\\milanodoors-mailing-service\\vendor\\aws\\aws-sdk-php\\src\\AwsClientTrait.php(77): Aws\\AwsClient->execute(Object(Aws\\Command))
#12 C:\\Laravel\\milanodoors-mailing-service\\vendor\\laravel\\framework\\src\\Illuminate\\Queue\\SqsQueue.php(120): Aws\\AwsClient->__call('receiveMessage', Array)
#13 C:\\Laravel\\milanodoors-mailing-service\\vendor\\laravel\\framework\\src\\Illuminate\\Queue\\Worker.php(247): Illuminate\\Queue\\SqsQueue->pop('https://sqs.us-...')
#14 C:\\Laravel\\milanodoors-mailing-service\\vendor\\laravel\\framework\\src\\Illuminate\\Queue\\Worker.php(107): Illuminate\\Queue\\Worker->getNextJob(Object(Illuminate\\Queue\\SqsQueue), 'MilanoEmailQueu...')
#15 C:\\Laravel\\milanodoors-mailing-service\\vendor\\laravel\\framework\\src\\Illuminate\\Queue\\Console\\WorkCommand.php(102): Illuminate\\Queue\\Worker->daemon('sqs', 'MilanoEmailQueu...', Object(Illuminate\\Queue\\WorkerOptions))
#16 C:\\Laravel\\milanodoors-mailing-service\\vendor\\laravel\\framework\\src\\Illuminate\\Queue\\Console\\WorkCommand.php(86): Illuminate\\Queue\\Console\\WorkCommand->runWorker('sqs', 'MilanoEmailQueu...')
#17 [internal function]: Illuminate\\Queue\\Console\\WorkCommand->handle()
#18 C:\\Laravel\\milanodoors-mailing-service\\vendor\\laravel\\framework\\src\\Illuminate\\Container\\BoundMethod.php(29): call_user_func_array(Array, Array)
#19 C:\\Laravel\\milanodoors-mailing-service\\vendor\\laravel\\framework\\src\\Illuminate\\Container\\BoundMethod.php(87): Illuminate\\Container\\BoundMethod::Illuminate\\Container\\{closure}()
#20 C:\\Laravel\\milanodoors-mailing-service\\vendor\\laravel\\framework\\src\\Illuminate\\Container\\BoundMethod.php(31): Illuminate\\Container\\BoundMethod::callBoundMethod(Object(Illuminate\\Foundation\\Application), Array, Object(Closure))
#21 C:\\Laravel\\milanodoors-mailing-service\\vendor\\laravel\\framework\\src\\Illuminate\\Container\\Container.php(572): Illuminate\\Container\\BoundMethod::call(Object(Illuminate\\Foundation\\Application), Array, Array, NULL)
#22 C:\\Laravel\\milanodoors-mailing-service\\vendor\\laravel\\framework\\src\\Illuminate\\Console\\Command.php(183): Illuminate\\Container\\Container->call(Array)
#23 C:\\Laravel\\milanodoors-mailing-service\\vendor\\symfony\\console\\Command\\Command.php(255): Illuminate\\Console\\Command->execute(Object(Symfony\\Component\\Console\\Input\\ArgvInput), Object(Illuminate\\Console\\OutputStyle))
#24 C:\\Laravel\\milanodoors-mailing-service\\vendor\\laravel\\framework\\src\\Illuminate\\Console\\Command.php(170): Symfony\\Component\\Console\\Command\\Command->run(Object(Symfony\\Component\\Console\\Input\\ArgvInput), Object(Illuminate\\Console\\OutputStyle))
#25 C:\\Laravel\\milanodoors-mailing-service\\vendor\\symfony\\console\\Application.php(886): Illuminate\\Console\\Command->run(Object(Symfony\\Component\\Console\\Input\\ArgvInput), Object(Symfony\\Component\\Console\\Output\\ConsoleOutput))
#26 C:\\Laravel\\milanodoors-mailing-service\\vendor\\symfony\\console\\Application.php(262): Symfony\\Component\\Console\\Application->doRunCommand(Object(Illuminate\\Queue\\Console\\WorkCommand), Object(Symfony\\Component\\Console\\Input\\ArgvInput), Object(Symfony\\Component\\Console\\Output\\ConsoleOutput))
#27 C:\\Laravel\\milanodoors-mailing-service\\vendor\\symfony\\console\\Application.php(145): Symfony\\Component\\Console\\Application->doRun(Object(Symfony\\Component\\Console\\Input\\ArgvInput), Object(Symfony\\Component\\Console\\Output\\ConsoleOutput))
#28 C:\\Laravel\\milanodoors-mailing-service\\vendor\\laravel\\framework\\src\\Illuminate\\Console\\Application.php(89): Symfony\\Component\\Console\\Application->run(Object(Symfony\\Component\\Console\\Input\\ArgvInput), Object(Symfony\\Component\\Console\\Output\\ConsoleOutput))
#29 C:\\Laravel\\milanodoors-mailing-service\\vendor\\laravel\\framework\\src\\Illuminate\\Foundation\\Console\\Kernel.php(122): Illuminate\\Console\\Application->run(Object(Symfony\\Component\\Console\\Input\\ArgvInput), Object(Symfony\\Component\\Console\\Output\\ConsoleOutput))
#30 C:\\Laravel\\milanodoors-mailing-service\\artisan(37): Illuminate\\Foundation\\Console\\Kernel->handle(Object(Symfony\\Component\\Console\\Input\\ArgvInput), Object(Symfony\\Component\\Console\\Output\\ConsoleOutput))
#31 {main}
"} 
